{"C:\\Users\\Reinout Wijnholds\\Documents\\GitHub\\Sjoelify-v2\\src\\middleware.ts": {"path":"C:\\Users\\Reinout Wijnholds\\Documents\\GitHub\\Sjoelify-v2\\src\\middleware.ts","statementMap":{"0":{"start":{"line":25,"column":13},"end":{"line":25,"column":19}},"1":{"start":{"line":4,"column":16},"end":{"line":4,"column":26}},"2":{"start":{"line":1,"column":29},"end":{"line":1,"column":null}},"3":{"start":{"line":5,"column":19},"end":{"line":5,"column":null}},"4":{"start":{"line":8,"column":2},"end":{"line":14,"column":null}},"5":{"start":{"line":16,"column":2},"end":{"line":16,"column":null}},"6":{"start":{"line":17,"column":2},"end":{"line":17,"column":null}},"7":{"start":{"line":18,"column":2},"end":{"line":18,"column":null}},"8":{"start":{"line":19,"column":2},"end":{"line":19,"column":null}},"9":{"start":{"line":20,"column":2},"end":{"line":20,"column":null}},"10":{"start":{"line":22,"column":2},"end":{"line":22,"column":null}},"11":{"start":{"line":25,"column":22},"end":{"line":27,"column":null}}},"fnMap":{"0":{"name":"middleware","decl":{"start":{"line":4,"column":16},"end":{"line":4,"column":26}},"loc":{"start":{"line":4,"column":47},"end":{"line":23,"column":null}}}},"branchMap":{},"s":{"0":0,"1":0,"2":0,"3":0,"4":0,"5":0,"6":0,"7":0,"8":0,"9":0,"10":0,"11":0},"f":{"0":0},"b":{}}
,"C:\\Users\\Reinout Wijnholds\\Documents\\GitHub\\Sjoelify-v2\\src\\app\\layout.tsx": {"path":"C:\\Users\\Reinout Wijnholds\\Documents\\GitHub\\Sjoelify-v2\\src\\app\\layout.tsx","statementMap":{"0":{"start":{"line":13,"column":24},"end":{"line":13,"column":35}},"1":{"start":{"line":8,"column":13},"end":{"line":8,"column":21}},"2":{"start":{"line":2,"column":22},"end":{"line":2,"column":null}},"3":{"start":{"line":3,"column":29},"end":{"line":3,"column":null}},"4":{"start":{"line":4,"column":7},"end":{"line":4,"column":null}},"5":{"start":{"line":6,"column":14},"end":{"line":6,"column":null}},"6":{"start":{"line":8,"column":34},"end":{"line":11,"column":null}}},"fnMap":{"0":{"name":"RootLayout","decl":{"start":{"line":13,"column":24},"end":{"line":13,"column":35}},"loc":{"start":{"line":17,"column":1},"end":{"line":25,"column":1}}}},"branchMap":{},"s":{"0":0,"1":0,"2":0,"3":0,"4":0,"5":0,"6":0},"f":{"0":0},"b":{}}
,"C:\\Users\\Reinout Wijnholds\\Documents\\GitHub\\Sjoelify-v2\\src\\app\\page.tsx": {"path":"C:\\Users\\Reinout Wijnholds\\Documents\\GitHub\\Sjoelify-v2\\src\\app\\page.tsx","statementMap":{"0":{"start":{"line":5,"column":24},"end":{"line":5,"column":null}},"1":{"start":{"line":1,"column":23},"end":{"line":1,"column":null}},"2":{"start":{"line":2,"column":32},"end":{"line":2,"column":null}},"3":{"start":{"line":3,"column":23},"end":{"line":3,"column":null}}},"fnMap":{"0":{"name":"Home","decl":{"start":{"line":5,"column":24},"end":{"line":5,"column":null}},"loc":{"start":{"line":5,"column":24},"end":{"line":77,"column":null}}}},"branchMap":{},"s":{"0":0,"1":0,"2":0,"3":0},"f":{"0":0},"b":{}}
,"C:\\Users\\Reinout Wijnholds\\Documents\\GitHub\\Sjoelify-v2\\src\\app\\games\\[id]\\page.tsx": {"path":"C:\\Users\\Reinout Wijnholds\\Documents\\GitHub\\Sjoelify-v2\\src\\app\\games\\[id]\\page.tsx","statementMap":{"0":{"start":{"line":12,"column":24},"end":{"line":12,"column":null}},"1":{"start":{"line":3,"column":36},"end":{"line":3,"column":null}},"2":{"start":{"line":4,"column":26},"end":{"line":4,"column":null}},"3":{"start":{"line":5,"column":23},"end":{"line":5,"column":null}},"4":{"start":{"line":6,"column":24},"end":{"line":6,"column":null}},"5":{"start":{"line":7,"column":28},"end":{"line":7,"column":null}},"6":{"start":{"line":8,"column":27},"end":{"line":8,"column":null}},"7":{"start":{"line":10,"column":32},"end":{"line":10,"column":null}},"8":{"start":{"line":13,"column":17},"end":{"line":13,"column":null}},"9":{"start":{"line":14,"column":19},"end":{"line":14,"column":null}},"10":{"start":{"line":15,"column":26},"end":{"line":15,"column":null}},"11":{"start":{"line":16,"column":32},"end":{"line":16,"column":null}},"12":{"start":{"line":17,"column":28},"end":{"line":17,"column":null}},"13":{"start":{"line":18,"column":38},"end":{"line":18,"column":null}},"14":{"start":{"line":20,"column":2},"end":{"line":35,"column":null}},"15":{"start":{"line":21,"column":21},"end":{"line":32,"column":null}},"16":{"start":{"line":22,"column":6},"end":{"line":31,"column":null}},"17":{"start":{"line":23,"column":8},"end":{"line":23,"column":null}},"18":{"start":{"line":23,"column":36},"end":{"line":23,"column":null}},"19":{"start":{"line":24,"column":25},"end":{"line":24,"column":null}},"20":{"start":{"line":25,"column":8},"end":{"line":25,"column":null}},"21":{"start":{"line":25,"column":23},"end":{"line":25,"column":null}},"22":{"start":{"line":26,"column":8},"end":{"line":26,"column":null}},"23":{"start":{"line":28,"column":8},"end":{"line":28,"column":null}},"24":{"start":{"line":30,"column":8},"end":{"line":30,"column":null}},"25":{"start":{"line":34,"column":4},"end":{"line":34,"column":null}},"26":{"start":{"line":37,"column":28},"end":{"line":54,"column":null}},"27":{"start":{"line":38,"column":4},"end":{"line":38,"column":null}},"28":{"start":{"line":38,"column":24},"end":{"line":38,"column":null}},"29":{"start":{"line":40,"column":4},"end":{"line":40,"column":null}},"30":{"start":{"line":41,"column":4},"end":{"line":53,"column":null}},"31":{"start":{"line":42,"column":6},"end":{"line":42,"column":null}},"32":{"start":{"line":45,"column":26},"end":{"line":45,"column":null}},"33":{"start":{"line":46,"column":6},"end":{"line":48,"column":null}},"34":{"start":{"line":47,"column":8},"end":{"line":47,"column":null}},"35":{"start":{"line":50,"column":6},"end":{"line":50,"column":null}},"36":{"start":{"line":52,"column":6},"end":{"line":52,"column":null}},"37":{"start":{"line":56,"column":25},"end":{"line":59,"column":null}},"38":{"start":{"line":57,"column":4},"end":{"line":57,"column":null}},"39":{"start":{"line":57,"column":23},"end":{"line":57,"column":null}},"40":{"start":{"line":58,"column":4},"end":{"line":58,"column":null}},"41":{"start":{"line":61,"column":31},"end":{"line":64,"column":null}},"42":{"start":{"line":62,"column":4},"end":{"line":62,"column":null}},"43":{"start":{"line":62,"column":23},"end":{"line":62,"column":null}},"44":{"start":{"line":63,"column":4},"end":{"line":63,"column":null}},"45":{"start":{"line":66,"column":35},"end":{"line":68,"column":null}},"46":{"start":{"line":67,"column":4},"end":{"line":67,"column":null}},"47":{"start":{"line":70,"column":2},"end":{"line":84,"column":null}},"48":{"start":{"line":86,"column":2},"end":{"line":110,"column":null}},"49":{"start":{"line":112,"column":25},"end":{"line":112,"column":38}},"50":{"start":{"line":113,"column":25},"end":{"line":116,"column":null}},"51":{"start":{"line":146,"column":16},"end":{"line":147,"column":null}}},"fnMap":{"0":{"name":"GamePage","decl":{"start":{"line":12,"column":24},"end":{"line":12,"column":null}},"loc":{"start":{"line":12,"column":24},"end":{"line":213,"column":null}}},"1":{"name":"(anonymous_2)","decl":{"start":{"line":20,"column":12},"end":{"line":20,"column":null}},"loc":{"start":{"line":20,"column":12},"end":{"line":35,"column":5}}},"2":{"name":"(anonymous_3)","decl":{"start":{"line":21,"column":21},"end":{"line":21,"column":null}},"loc":{"start":{"line":21,"column":21},"end":{"line":32,"column":null}}},"3":{"name":"(anonymous_4)","decl":{"start":{"line":37,"column":28},"end":{"line":37,"column":35}},"loc":{"start":{"line":37,"column":35},"end":{"line":54,"column":null}}},"4":{"name":"(anonymous_5)","decl":{"start":{"line":56,"column":25},"end":{"line":56,"column":26}},"loc":{"start":{"line":56,"column":26},"end":{"line":59,"column":null}}},"5":{"name":"(anonymous_6)","decl":{"start":{"line":61,"column":31},"end":{"line":61,"column":32}},"loc":{"start":{"line":61,"column":32},"end":{"line":64,"column":null}}},"6":{"name":"(anonymous_7)","decl":{"start":{"line":66,"column":35},"end":{"line":66,"column":36}},"loc":{"start":{"line":66,"column":36},"end":{"line":68,"column":null}}},"7":{"name":"(anonymous_8)","decl":{"start":{"line":145,"column":32},"end":{"line":145,"column":33}},"loc":{"start":{"line":146,"column":16},"end":{"line":147,"column":null}}}},"branchMap":{"0":{"loc":{"start":{"line":23,"column":8},"end":{"line":23,"column":null}},"type":"if","locations":[{"start":{"line":23,"column":8},"end":{"line":23,"column":null}}]},"1":{"loc":{"start":{"line":25,"column":8},"end":{"line":25,"column":null}},"type":"if","locations":[{"start":{"line":25,"column":8},"end":{"line":25,"column":null}}]},"2":{"loc":{"start":{"line":28,"column":17},"end":{"line":28,"column":null}},"type":"cond-expr","locations":[{"start":{"line":28,"column":40},"end":{"line":28,"column":51}},{"start":{"line":28,"column":54},"end":{"line":28,"column":null}}]},"3":{"loc":{"start":{"line":38,"column":4},"end":{"line":38,"column":null}},"type":"if","locations":[{"start":{"line":38,"column":4},"end":{"line":38,"column":null}}]},"4":{"loc":{"start":{"line":38,"column":8},"end":{"line":38,"column":24}},"type":"binary-expr","locations":[{"start":{"line":38,"column":8},"end":{"line":38,"column":17}},{"start":{"line":38,"column":17},"end":{"line":38,"column":24}}]},"5":{"loc":{"start":{"line":46,"column":6},"end":{"line":48,"column":null}},"type":"if","locations":[{"start":{"line":46,"column":6},"end":{"line":48,"column":null}}]},"6":{"loc":{"start":{"line":50,"column":15},"end":{"line":50,"column":null}},"type":"cond-expr","locations":[{"start":{"line":50,"column":38},"end":{"line":50,"column":49}},{"start":{"line":50,"column":52},"end":{"line":50,"column":null}}]},"7":{"loc":{"start":{"line":57,"column":4},"end":{"line":57,"column":null}},"type":"if","locations":[{"start":{"line":57,"column":4},"end":{"line":57,"column":null}}]},"8":{"loc":{"start":{"line":58,"column":11},"end":{"line":58,"column":null}},"type":"binary-expr","locations":[{"start":{"line":58,"column":11},"end":{"line":58,"column":43}},{"start":{"line":58,"column":43},"end":{"line":58,"column":null}}]},"9":{"loc":{"start":{"line":62,"column":4},"end":{"line":62,"column":null}},"type":"if","locations":[{"start":{"line":62,"column":4},"end":{"line":62,"column":null}}]},"10":{"loc":{"start":{"line":63,"column":11},"end":{"line":63,"column":null}},"type":"binary-expr","locations":[{"start":{"line":63,"column":11},"end":{"line":63,"column":59}},{"start":{"line":63,"column":63},"end":{"line":63,"column":null}}]},"11":{"loc":{"start":{"line":70,"column":2},"end":{"line":84,"column":null}},"type":"if","locations":[{"start":{"line":70,"column":2},"end":{"line":84,"column":null}}]},"12":{"loc":{"start":{"line":86,"column":2},"end":{"line":110,"column":null}},"type":"if","locations":[{"start":{"line":86,"column":2},"end":{"line":110,"column":null}}]},"13":{"loc":{"start":{"line":86,"column":6},"end":{"line":86,"column":22}},"type":"binary-expr","locations":[{"start":{"line":86,"column":6},"end":{"line":86,"column":15}},{"start":{"line":86,"column":15},"end":{"line":86,"column":22}}]},"14":{"loc":{"start":{"line":103,"column":17},"end":{"line":103,"column":null}},"type":"binary-expr","locations":[{"start":{"line":103,"column":17},"end":{"line":103,"column":26}},{"start":{"line":103,"column":26},"end":{"line":103,"column":null}}]},"15":{"loc":{"start":{"line":113,"column":25},"end":{"line":116,"column":null}},"type":"binary-expr","locations":[{"start":{"line":113,"column":25},"end":{"line":113,"column":null}},{"start":{"line":114,"column":4},"end":{"line":114,"column":null}},{"start":{"line":115,"column":4},"end":{"line":115,"column":null}},{"start":{"line":116,"column":4},"end":{"line":116,"column":null}}]},"16":{"loc":{"start":{"line":129,"column":13},"end":{"line":134,"column":47}},"type":"cond-expr","locations":[{"start":{"line":130,"column":14},"end":{"line":134,"column":15}},{"start":{"line":134,"column":14},"end":{"line":134,"column":47}}]},"17":{"loc":{"start":{"line":152,"column":20},"end":{"line":154,"column":null}},"type":"cond-expr","locations":[{"start":{"line":153,"column":24},"end":{"line":153,"column":null}},{"start":{"line":154,"column":24},"end":{"line":154,"column":null}}]},"18":{"loc":{"start":{"line":167,"column":23},"end":{"line":167,"column":null}},"type":"binary-expr","locations":[{"start":{"line":167,"column":23},"end":{"line":167,"column":50}},{"start":{"line":167,"column":50},"end":{"line":167,"column":null}}]},"19":{"loc":{"start":{"line":173,"column":23},"end":{"line":173,"column":null}},"type":"binary-expr","locations":[{"start":{"line":173,"column":23},"end":{"line":173,"column":null}}]},"20":{"loc":{"start":{"line":180,"column":19},"end":{"line":180,"column":null}},"type":"binary-expr","locations":[{"start":{"line":180,"column":19},"end":{"line":180,"column":null}}]},"21":{"loc":{"start":{"line":193,"column":12},"end":{"line":198,"column":13}},"type":"cond-expr","locations":[{"start":{"line":193,"column":12},"end":{"line":198,"column":13}}]},"22":{"loc":{"start":{"line":203,"column":17},"end":{"line":205,"column":null}},"type":"cond-expr","locations":[{"start":{"line":204,"column":20},"end":{"line":204,"column":null}},{"start":{"line":205,"column":20},"end":{"line":205,"column":null}}]}},"s":{"0":5,"1":1,"2":1,"3":1,"4":1,"5":1,"6":1,"7":1,"8":15,"9":15,"10":15,"11":14,"12":14,"13":14,"14":14,"15":5,"16":5,"17":5,"18":0,"19":5,"20":4,"21":0,"22":4,"23":1,"24":5,"25":5,"26":14,"27":2,"28":0,"29":2,"30":2,"31":2,"32":2,"33":2,"34":2,"35":0,"36":2,"37":14,"38":16,"39":0,"40":16,"41":14,"42":56,"43":0,"44":56,"45":14,"46":55,"47":14,"48":9,"49":8,"50":8,"51":16},"f":{"0":15,"1":5,"2":5,"3":2,"4":16,"5":56,"6":55,"7":16},"b":{"0":[0],"1":[0],"2":[1,0],"3":[0],"4":[2,2],"5":[2],"6":[0,0],"7":[0],"8":[16,15],"9":[0],"10":[56,51],"11":[5],"12":[1],"13":[9,8],"14":[1,0],"15":[8,7,7,7],"16":[1,7],"17":[1,15],"18":[16,8],"19":[16],"20":[16],"21":[6],"22":[1,1]}}
,"C:\\Users\\Reinout Wijnholds\\Documents\\GitHub\\Sjoelify-v2\\src\\app\\games\\new\\page.tsx": {"path":"C:\\Users\\Reinout Wijnholds\\Documents\\GitHub\\Sjoelify-v2\\src\\app\\games\\new\\page.tsx","statementMap":{"0":{"start":{"line":3,"column":24},"end":{"line":3,"column":null}},"1":{"start":{"line":1,"column":31},"end":{"line":1,"column":null}}},"fnMap":{"0":{"name":"NewGamePage","decl":{"start":{"line":3,"column":24},"end":{"line":3,"column":null}},"loc":{"start":{"line":3,"column":24},"end":{"line":20,"column":null}}}},"branchMap":{},"s":{"0":0,"1":0},"f":{"0":0},"b":{}}
,"C:\\Users\\Reinout Wijnholds\\Documents\\GitHub\\Sjoelify-v2\\src\\features\\account\\hooks\\use-players.ts": {"path":"C:\\Users\\Reinout Wijnholds\\Documents\\GitHub\\Sjoelify-v2\\src\\features\\account\\hooks\\use-players.ts","statementMap":{"0":{"start":{"line":6,"column":16},"end":{"line":6,"column":27}},"1":{"start":{"line":1,"column":36},"end":{"line":1,"column":null}},"2":{"start":{"line":2,"column":50},"end":{"line":2,"column":null}},"3":{"start":{"line":3,"column":19},"end":{"line":3,"column":null}},"4":{"start":{"line":7,"column":32},"end":{"line":7,"column":null}},"5":{"start":{"line":8,"column":32},"end":{"line":8,"column":null}},"6":{"start":{"line":9,"column":28},"end":{"line":9,"column":null}},"7":{"start":{"line":11,"column":2},"end":{"line":37,"column":null}},"8":{"start":{"line":12,"column":25},"end":{"line":34,"column":null}},"9":{"start":{"line":13,"column":6},"end":{"line":33,"column":null}},"10":{"start":{"line":14,"column":25},"end":{"line":14,"column":null}},"11":{"start":{"line":15,"column":16},"end":{"line":15,"column":null}},"12":{"start":{"line":17,"column":8},"end":{"line":19,"column":null}},"13":{"start":{"line":18,"column":10},"end":{"line":18,"column":null}},"14":{"start":{"line":21,"column":25},"end":{"line":21,"column":null}},"15":{"start":{"line":22,"column":27},"end":{"line":25,"column":null}},"16":{"start":{"line":22,"column":53},"end":{"line":25,"column":null}},"17":{"start":{"line":27,"column":8},"end":{"line":27,"column":null}},"18":{"start":{"line":29,"column":8},"end":{"line":29,"column":null}},"19":{"start":{"line":30,"column":8},"end":{"line":30,"column":null}},"20":{"start":{"line":32,"column":8},"end":{"line":32,"column":null}},"21":{"start":{"line":36,"column":4},"end":{"line":36,"column":null}},"22":{"start":{"line":39,"column":2},"end":{"line":39,"column":null}}},"fnMap":{"0":{"name":"usePlayers","decl":{"start":{"line":6,"column":16},"end":{"line":6,"column":27}},"loc":{"start":{"line":6,"column":49},"end":{"line":40,"column":null}}},"1":{"name":"(anonymous_2)","decl":{"start":{"line":11,"column":12},"end":{"line":11,"column":null}},"loc":{"start":{"line":11,"column":12},"end":{"line":37,"column":5}}},"2":{"name":"(anonymous_3)","decl":{"start":{"line":12,"column":25},"end":{"line":12,"column":null}},"loc":{"start":{"line":12,"column":25},"end":{"line":34,"column":null}}},"3":{"name":"(anonymous_4)","decl":{"start":{"line":22,"column":45},"end":{"line":22,"column":53}},"loc":{"start":{"line":22,"column":53},"end":{"line":25,"column":null}}}},"branchMap":{"0":{"loc":{"start":{"line":17,"column":8},"end":{"line":19,"column":null}},"type":"if","locations":[{"start":{"line":17,"column":8},"end":{"line":19,"column":null}}]}},"s":{"0":0,"1":0,"2":0,"3":0,"4":0,"5":0,"6":0,"7":0,"8":0,"9":0,"10":0,"11":0,"12":0,"13":0,"14":0,"15":0,"16":0,"17":0,"18":0,"19":0,"20":0,"21":0,"22":0},"f":{"0":0,"1":0,"2":0,"3":0},"b":{"0":[0]}}
,"C:\\Users\\Reinout Wijnholds\\Documents\\GitHub\\Sjoelify-v2\\src\\features\\games\\components\\ActiveGamesList.tsx": {"path":"C:\\Users\\Reinout Wijnholds\\Documents\\GitHub\\Sjoelify-v2\\src\\features\\games\\components\\ActiveGamesList.tsx","statementMap":{"0":{"start":{"line":9,"column":16},"end":{"line":9,"column":null}},"1":{"start":{"line":1,"column":36},"end":{"line":1,"column":null}},"2":{"start":{"line":2,"column":17},"end":{"line":2,"column":null}},"3":{"start":{"line":3,"column":23},"end":{"line":3,"column":null}},"4":{"start":{"line":4,"column":24},"end":{"line":4,"column":null}},"5":{"start":{"line":5,"column":28},"end":{"line":5,"column":null}},"6":{"start":{"line":7,"column":49},"end":{"line":7,"column":null}},"7":{"start":{"line":10,"column":19},"end":{"line":10,"column":null}},"8":{"start":{"line":11,"column":28},"end":{"line":11,"column":null}},"9":{"start":{"line":12,"column":32},"end":{"line":12,"column":null}},"10":{"start":{"line":13,"column":28},"end":{"line":13,"column":null}},"11":{"start":{"line":15,"column":2},"end":{"line":31,"column":null}},"12":{"start":{"line":16,"column":23},"end":{"line":28,"column":null}},"13":{"start":{"line":17,"column":6},"end":{"line":17,"column":null}},"14":{"start":{"line":17,"column":22},"end":{"line":17,"column":null}},"15":{"start":{"line":19,"column":6},"end":{"line":27,"column":null}},"16":{"start":{"line":20,"column":28},"end":{"line":20,"column":null}},"17":{"start":{"line":21,"column":8},"end":{"line":21,"column":null}},"18":{"start":{"line":23,"column":8},"end":{"line":23,"column":null}},"19":{"start":{"line":24,"column":8},"end":{"line":24,"column":null}},"20":{"start":{"line":26,"column":8},"end":{"line":26,"column":null}},"21":{"start":{"line":30,"column":4},"end":{"line":30,"column":null}},"22":{"start":{"line":33,"column":2},"end":{"line":49,"column":null}},"23":{"start":{"line":51,"column":2},"end":{"line":66,"column":null}},"24":{"start":{"line":68,"column":2},"end":{"line":94,"column":null}},"25":{"start":{"line":130,"column":12},"end":{"line":131,"column":null}}},"fnMap":{"0":{"name":"ActiveGamesList","decl":{"start":{"line":9,"column":16},"end":{"line":9,"column":null}},"loc":{"start":{"line":9,"column":16},"end":{"line":193,"column":null}}},"1":{"name":"(anonymous_3)","decl":{"start":{"line":15,"column":12},"end":{"line":15,"column":null}},"loc":{"start":{"line":15,"column":12},"end":{"line":31,"column":5}}},"2":{"name":"(anonymous_4)","decl":{"start":{"line":16,"column":23},"end":{"line":16,"column":null}},"loc":{"start":{"line":16,"column":23},"end":{"line":28,"column":null}}},"3":{"name":"(anonymous_5)","decl":{"start":{"line":129,"column":21},"end":{"line":129,"column":22}},"loc":{"start":{"line":130,"column":12},"end":{"line":131,"column":null}}}},"branchMap":{"0":{"loc":{"start":{"line":17,"column":6},"end":{"line":17,"column":null}},"type":"if","locations":[{"start":{"line":17,"column":6},"end":{"line":17,"column":null}}]},"1":{"loc":{"start":{"line":33,"column":2},"end":{"line":49,"column":null}},"type":"if","locations":[{"start":{"line":33,"column":2},"end":{"line":49,"column":null}}]},"2":{"loc":{"start":{"line":51,"column":2},"end":{"line":66,"column":null}},"type":"if","locations":[{"start":{"line":51,"column":2},"end":{"line":66,"column":null}}]},"3":{"loc":{"start":{"line":68,"column":2},"end":{"line":94,"column":null}},"type":"if","locations":[{"start":{"line":68,"column":2},"end":{"line":94,"column":null}}]}},"s":{"0":0,"1":0,"2":0,"3":0,"4":0,"5":0,"6":0,"7":0,"8":0,"9":0,"10":0,"11":0,"12":0,"13":0,"14":0,"15":0,"16":0,"17":0,"18":0,"19":0,"20":0,"21":0,"22":0,"23":0,"24":0,"25":0},"f":{"0":0,"1":0,"2":0,"3":0},"b":{"0":[0],"1":[0],"2":[0],"3":[0]}}
,"C:\\Users\\Reinout Wijnholds\\Documents\\GitHub\\Sjoelify-v2\\src\\features\\games\\components\\CreateGameForm.tsx": {"path":"C:\\Users\\Reinout Wijnholds\\Documents\\GitHub\\Sjoelify-v2\\src\\features\\games\\components\\CreateGameForm.tsx","statementMap":{"0":{"start":{"line":16,"column":16},"end":{"line":16,"column":null}},"1":{"start":{"line":1,"column":36},"end":{"line":1,"column":null}},"2":{"start":{"line":2,"column":26},"end":{"line":2,"column":null}},"3":{"start":{"line":3,"column":23},"end":{"line":3,"column":null}},"4":{"start":{"line":4,"column":24},"end":{"line":4,"column":null}},"5":{"start":{"line":5,"column":28},"end":{"line":5,"column":null}},"6":{"start":{"line":6,"column":27},"end":{"line":6,"column":null}},"7":{"start":{"line":8,"column":40},"end":{"line":8,"column":null}},"8":{"start":{"line":17,"column":17},"end":{"line":17,"column":null}},"9":{"start":{"line":18,"column":19},"end":{"line":18,"column":null}},"10":{"start":{"line":19,"column":65},"end":{"line":19,"column":null}},"11":{"start":{"line":20,"column":28},"end":{"line":20,"column":null}},"12":{"start":{"line":21,"column":32},"end":{"line":21,"column":null}},"13":{"start":{"line":22,"column":32},"end":{"line":22,"column":null}},"14":{"start":{"line":23,"column":28},"end":{"line":23,"column":null}},"15":{"start":{"line":26,"column":2},"end":{"line":36,"column":null}},"16":{"start":{"line":27,"column":4},"end":{"line":35,"column":null}},"17":{"start":{"line":28,"column":6},"end":{"line":33,"column":null}},"18":{"start":{"line":29,"column":40},"end":{"line":33,"column":null}},"19":{"start":{"line":38,"column":23},"end":{"line":71,"column":null}},"20":{"start":{"line":39,"column":4},"end":{"line":39,"column":null}},"21":{"start":{"line":40,"column":4},"end":{"line":40,"column":null}},"22":{"start":{"line":40,"column":20},"end":{"line":40,"column":null}},"23":{"start":{"line":42,"column":4},"end":{"line":70,"column":null}},"24":{"start":{"line":43,"column":6},"end":{"line":43,"column":null}},"25":{"start":{"line":44,"column":6},"end":{"line":44,"column":null}},"26":{"start":{"line":46,"column":32},"end":{"line":48,"column":null}},"27":{"start":{"line":47,"column":21},"end":{"line":47,"column":31}},"28":{"start":{"line":48,"column":18},"end":{"line":48,"column":22}},"29":{"start":{"line":51,"column":6},"end":{"line":53,"column":null}},"30":{"start":{"line":52,"column":8},"end":{"line":52,"column":null}},"31":{"start":{"line":55,"column":6},"end":{"line":57,"column":null}},"32":{"start":{"line":56,"column":8},"end":{"line":56,"column":null}},"33":{"start":{"line":59,"column":21},"end":{"line":62,"column":null}},"34":{"start":{"line":65,"column":6},"end":{"line":65,"column":null}},"35":{"start":{"line":67,"column":6},"end":{"line":67,"column":null}},"36":{"start":{"line":69,"column":6},"end":{"line":69,"column":null}},"37":{"start":{"line":73,"column":23},"end":{"line":79,"column":null}},"38":{"start":{"line":74,"column":4},"end":{"line":76,"column":null}},"39":{"start":{"line":75,"column":6},"end":{"line":76,"column":null}},"40":{"start":{"line":76,"column":8},"end":{"line":76,"column":null}},"41":{"start":{"line":81,"column":2},"end":{"line":97,"column":null}},"42":{"start":{"line":116,"column":29},"end":{"line":116,"column":null}},"43":{"start":{"line":130,"column":12},"end":{"line":131,"column":null}},"44":{"start":{"line":139,"column":34},"end":{"line":139,"column":null}}},"fnMap":{"0":{"name":"CreateGameForm","decl":{"start":{"line":16,"column":16},"end":{"line":16,"column":null}},"loc":{"start":{"line":16,"column":16},"end":{"line":205,"column":null}}},"1":{"name":"(anonymous_2)","decl":{"start":{"line":26,"column":12},"end":{"line":26,"column":null}},"loc":{"start":{"line":26,"column":12},"end":{"line":36,"column":5}}},"2":{"name":"(anonymous_3)","decl":{"start":{"line":29,"column":29},"end":{"line":29,"column":40}},"loc":{"start":{"line":29,"column":40},"end":{"line":33,"column":null}}},"3":{"name":"(anonymous_4)","decl":{"start":{"line":38,"column":23},"end":{"line":38,"column":30}},"loc":{"start":{"line":38,"column":30},"end":{"line":71,"column":null}}},"4":{"name":"(anonymous_5)","decl":{"start":{"line":47,"column":16},"end":{"line":47,"column":21}},"loc":{"start":{"line":47,"column":21},"end":{"line":47,"column":31}}},"5":{"name":"(anonymous_6)","decl":{"start":{"line":48,"column":13},"end":{"line":48,"column":18}},"loc":{"start":{"line":48,"column":18},"end":{"line":48,"column":22}}},"6":{"name":"(anonymous_7)","decl":{"start":{"line":73,"column":23},"end":{"line":73,"column":24}},"loc":{"start":{"line":73,"column":24},"end":{"line":79,"column":null}}},"7":{"name":"(anonymous_8)","decl":{"start":{"line":74,"column":15},"end":{"line":74,"column":null}},"loc":{"start":{"line":75,"column":6},"end":{"line":76,"column":null}}},"8":{"name":"(anonymous_9)","decl":{"start":{"line":75,"column":18},"end":{"line":75,"column":null}},"loc":{"start":{"line":76,"column":8},"end":{"line":76,"column":null}}},"9":{"name":"(anonymous_10)","decl":{"start":{"line":116,"column":22},"end":{"line":116,"column":23}},"loc":{"start":{"line":116,"column":29},"end":{"line":116,"column":null}}},"10":{"name":"(anonymous_11)","decl":{"start":{"line":129,"column":23},"end":{"line":129,"column":null}},"loc":{"start":{"line":130,"column":12},"end":{"line":131,"column":null}}},"11":{"name":"(anonymous_12)","decl":{"start":{"line":139,"column":28},"end":{"line":139,"column":34}},"loc":{"start":{"line":139,"column":34},"end":{"line":139,"column":null}}}},"branchMap":{"0":{"loc":{"start":{"line":27,"column":4},"end":{"line":35,"column":null}},"type":"if","locations":[{"start":{"line":27,"column":4},"end":{"line":35,"column":null}}]},"1":{"loc":{"start":{"line":40,"column":4},"end":{"line":40,"column":null}},"type":"if","locations":[{"start":{"line":40,"column":4},"end":{"line":40,"column":null}}]},"2":{"loc":{"start":{"line":51,"column":6},"end":{"line":53,"column":null}},"type":"if","locations":[{"start":{"line":51,"column":6},"end":{"line":53,"column":null}}]},"3":{"loc":{"start":{"line":55,"column":6},"end":{"line":57,"column":null}},"type":"if","locations":[{"start":{"line":55,"column":6},"end":{"line":57,"column":null}}]},"4":{"loc":{"start":{"line":55,"column":10},"end":{"line":55,"column":72}},"type":"binary-expr","locations":[{"start":{"line":55,"column":10},"end":{"line":55,"column":42}},{"start":{"line":55,"column":42},"end":{"line":55,"column":72}}]},"5":{"loc":{"start":{"line":67,"column":15},"end":{"line":67,"column":null}},"type":"cond-expr","locations":[{"start":{"line":67,"column":38},"end":{"line":67,"column":49}},{"start":{"line":67,"column":52},"end":{"line":67,"column":null}}]},"6":{"loc":{"start":{"line":76,"column":8},"end":{"line":76,"column":null}},"type":"cond-expr","locations":[{"start":{"line":76,"column":28},"end":{"line":76,"column":62}},{"start":{"line":76,"column":62},"end":{"line":76,"column":null}}]},"7":{"loc":{"start":{"line":81,"column":2},"end":{"line":97,"column":null}},"type":"if","locations":[{"start":{"line":81,"column":2},"end":{"line":97,"column":null}}]},"8":{"loc":{"start":{"line":147,"column":17},"end":{"line":147,"column":32}},"type":"binary-expr","locations":[{"start":{"line":147,"column":17},"end":{"line":147,"column":32}}]},"9":{"loc":{"start":{"line":164,"column":7},"end":{"line":164,"column":null}},"type":"binary-expr","locations":[{"start":{"line":164,"column":7},"end":{"line":164,"column":null}}]},"10":{"loc":{"start":{"line":188,"column":18},"end":{"line":188,"column":null}},"type":"binary-expr","locations":[{"start":{"line":188,"column":18},"end":{"line":188,"column":29}},{"start":{"line":188,"column":29},"end":{"line":188,"column":null}}]},"11":{"loc":{"start":{"line":191,"column":9},"end":{"line":200,"column":null}},"type":"cond-expr","locations":[{"start":{"line":192,"column":10},"end":{"line":200,"column":null}},{"start":{"line":200,"column":10},"end":{"line":200,"column":null}}]}},"s":{"0":0,"1":0,"2":0,"3":0,"4":0,"5":0,"6":0,"7":0,"8":0,"9":0,"10":0,"11":0,"12":0,"13":0,"14":0,"15":0,"16":0,"17":0,"18":0,"19":0,"20":0,"21":0,"22":0,"23":0,"24":0,"25":0,"26":0,"27":0,"28":0,"29":0,"30":0,"31":0,"32":0,"33":0,"34":0,"35":0,"36":0,"37":0,"38":0,"39":0,"40":0,"41":0,"42":0,"43":0,"44":0},"f":{"0":0,"1":0,"2":0,"3":0,"4":0,"5":0,"6":0,"7":0,"8":0,"9":0,"10":0,"11":0},"b":{"0":[0],"1":[0],"2":[0],"3":[0],"4":[0,0],"5":[0,0],"6":[0,0],"7":[0],"8":[0],"9":[0],"10":[0,0],"11":[0,0]}}
,"C:\\Users\\Reinout Wijnholds\\Documents\\GitHub\\Sjoelify-v2\\src\\features\\games\\components\\ScoreEntry.tsx": {"path":"C:\\Users\\Reinout Wijnholds\\Documents\\GitHub\\Sjoelify-v2\\src\\features\\games\\components\\ScoreEntry.tsx","statementMap":{"0":{"start":{"line":9,"column":16},"end":{"line":9,"column":27}},"1":{"start":{"line":1,"column":25},"end":{"line":1,"column":null}},"2":{"start":{"line":2,"column":23},"end":{"line":2,"column":null}},"3":{"start":{"line":3,"column":23},"end":{"line":3,"column":null}},"4":{"start":{"line":10,"column":30},"end":{"line":10,"column":null}},"5":{"start":{"line":11,"column":38},"end":{"line":11,"column":null}},"6":{"start":{"line":12,"column":22},"end":{"line":12,"column":null}},"7":{"start":{"line":14,"column":28},"end":{"line":19,"column":null}},"8":{"start":{"line":15,"column":21},"end":{"line":15,"column":null}},"9":{"start":{"line":16,"column":22},"end":{"line":16,"column":null}},"10":{"start":{"line":17,"column":4},"end":{"line":17,"column":null}},"11":{"start":{"line":18,"column":4},"end":{"line":18,"column":null}},"12":{"start":{"line":21,"column":23},"end":{"line":26,"column":null}},"13":{"start":{"line":22,"column":4},"end":{"line":22,"column":null}},"14":{"start":{"line":23,"column":4},"end":{"line":25,"column":null}},"15":{"start":{"line":23,"column":30},"end":{"line":23,"column":47}},"16":{"start":{"line":24,"column":6},"end":{"line":24,"column":null}},"17":{"start":{"line":28,"column":21},"end":{"line":31,"column":null}},"18":{"start":{"line":29,"column":4},"end":{"line":29,"column":null}},"19":{"start":{"line":29,"column":24},"end":{"line":29,"column":null}},"20":{"start":{"line":30,"column":4},"end":{"line":30,"column":null}},"21":{"start":{"line":43,"column":10},"end":{"line":44,"column":null}},"22":{"start":{"line":66,"column":31},"end":{"line":66,"column":null}},"23":{"start":{"line":67,"column":29},"end":{"line":67,"column":null}},"24":{"start":{"line":68,"column":28},"end":{"line":68,"column":null}},"25":{"start":{"line":89,"column":41},"end":{"line":89,"column":null}}},"fnMap":{"0":{"name":"ScoreEntry","decl":{"start":{"line":9,"column":16},"end":{"line":9,"column":27}},"loc":{"start":{"line":9,"column":61},"end":{"line":104,"column":null}}},"1":{"name":"(anonymous_2)","decl":{"start":{"line":14,"column":28},"end":{"line":14,"column":29}},"loc":{"start":{"line":14,"column":44},"end":{"line":19,"column":null}}},"2":{"name":"(anonymous_3)","decl":{"start":{"line":21,"column":23},"end":{"line":21,"column":24}},"loc":{"start":{"line":21,"column":24},"end":{"line":26,"column":null}}},"3":{"name":"(anonymous_4)","decl":{"start":{"line":23,"column":21},"end":{"line":23,"column":30}},"loc":{"start":{"line":23,"column":30},"end":{"line":23,"column":47}}},"4":{"name":"(anonymous_5)","decl":{"start":{"line":28,"column":43},"end":{"line":28,"column":44}},"loc":{"start":{"line":28,"column":56},"end":{"line":31,"column":5}}},"5":{"name":"(anonymous_6)","decl":{"start":{"line":42,"column":25},"end":{"line":42,"column":26}},"loc":{"start":{"line":43,"column":10},"end":{"line":44,"column":null}}},"6":{"name":"(anonymous_7)","decl":{"start":{"line":66,"column":24},"end":{"line":66,"column":25}},"loc":{"start":{"line":66,"column":31},"end":{"line":66,"column":null}}},"7":{"name":"(anonymous_8)","decl":{"start":{"line":67,"column":23},"end":{"line":67,"column":29}},"loc":{"start":{"line":67,"column":29},"end":{"line":67,"column":null}}},"8":{"name":"(anonymous_9)","decl":{"start":{"line":68,"column":22},"end":{"line":68,"column":28}},"loc":{"start":{"line":68,"column":28},"end":{"line":68,"column":null}}},"9":{"name":"(anonymous_10)","decl":{"start":{"line":89,"column":32},"end":{"line":89,"column":41}},"loc":{"start":{"line":89,"column":41},"end":{"line":89,"column":null}}}},"branchMap":{"0":{"loc":{"start":{"line":15,"column":21},"end":{"line":15,"column":null}},"type":"cond-expr","locations":[{"start":{"line":15,"column":36},"end":{"line":15,"column":43}},{"start":{"line":15,"column":43},"end":{"line":15,"column":null}}]},"1":{"loc":{"start":{"line":23,"column":4},"end":{"line":25,"column":null}},"type":"if","locations":[{"start":{"line":23,"column":4},"end":{"line":25,"column":null}}]},"2":{"loc":{"start":{"line":29,"column":4},"end":{"line":29,"column":null}},"type":"if","locations":[{"start":{"line":29,"column":4},"end":{"line":29,"column":null}}]},"3":{"loc":{"start":{"line":46,"column":14},"end":{"line":48,"column":null}},"type":"cond-expr","locations":[{"start":{"line":47,"column":18},"end":{"line":47,"column":null}},{"start":{"line":48,"column":18},"end":{"line":48,"column":null}}]},"4":{"loc":{"start":{"line":58,"column":29},"end":{"line":58,"column":63}},"type":"cond-expr","locations":[{"start":{"line":58,"column":54},"end":{"line":58,"column":60}},{"start":{"line":58,"column":60},"end":{"line":58,"column":63}}]},"5":{"loc":{"start":{"line":65,"column":21},"end":{"line":65,"column":null}},"type":"binary-expr","locations":[{"start":{"line":65,"column":21},"end":{"line":65,"column":34}},{"start":{"line":65,"column":38},"end":{"line":65,"column":null}}]}},"s":{"0":11,"1":2,"2":2,"3":2,"4":32,"5":32,"6":32,"7":32,"8":20,"9":20,"10":20,"11":20,"12":32,"13":3,"14":3,"15":12,"16":3,"17":32,"18":128,"19":66,"20":62,"21":128,"22":20,"23":1,"24":0,"25":86},"f":{"0":32,"1":20,"2":3,"3":12,"4":128,"5":128,"6":20,"7":1,"8":0,"9":86},"b":{"0":[0,20],"1":[3],"2":[66],"3":[1,127],"4":[96,32],"5":[128,66]}}
,"C:\\Users\\Reinout Wijnholds\\Documents\\GitHub\\Sjoelify-v2\\src\\features\\games\\services\\game-service.ts": {"path":"C:\\Users\\Reinout Wijnholds\\Documents\\GitHub\\Sjoelify-v2\\src\\features\\games\\services\\game-service.ts","statementMap":{"0":{"start":{"line":6,"column":13},"end":{"line":6,"column":null}},"1":{"start":{"line":1,"column":114},"end":{"line":1,"column":null}},"2":{"start":{"line":2,"column":19},"end":{"line":2,"column":null}},"3":{"start":{"line":7,"column":17},"end":{"line":7,"column":null}},"4":{"start":{"line":8,"column":17},"end":{"line":8,"column":null}},"5":{"start":{"line":11,"column":78},"end":{"line":21,"column":null}},"6":{"start":{"line":17,"column":51},"end":{"line":20,"column":10}},"7":{"start":{"line":23,"column":19},"end":{"line":27,"column":null}},"8":{"start":{"line":29,"column":4},"end":{"line":29,"column":null}},"9":{"start":{"line":33,"column":20},"end":{"line":33,"column":null}},"10":{"start":{"line":34,"column":4},"end":{"line":34,"column":null}},"11":{"start":{"line":34,"column":27},"end":{"line":34,"column":null}},"12":{"start":{"line":36,"column":21},"end":{"line":36,"column":null}},"13":{"start":{"line":39,"column":25},"end":{"line":41,"column":null}},"14":{"start":{"line":43,"column":28},"end":{"line":43,"column":null}},"15":{"start":{"line":44,"column":20},"end":{"line":44,"column":null}},"16":{"start":{"line":44,"column":52},"end":{"line":44,"column":null}},"17":{"start":{"line":47,"column":24},"end":{"line":49,"column":null}},"18":{"start":{"line":51,"column":27},"end":{"line":51,"column":null}},"19":{"start":{"line":52,"column":19},"end":{"line":55,"column":null}},"20":{"start":{"line":52,"column":51},"end":{"line":55,"column":null}},"21":{"start":{"line":57,"column":4},"end":{"line":62,"column":null}},"22":{"start":{"line":66,"column":20},"end":{"line":66,"column":null}},"23":{"start":{"line":67,"column":4},"end":{"line":70,"column":null}},"24":{"start":{"line":74,"column":22},"end":{"line":74,"column":null}},"25":{"start":{"line":75,"column":19},"end":{"line":79,"column":null}},"26":{"start":{"line":81,"column":4},"end":{"line":81,"column":null}},"27":{"start":{"line":90,"column":20},"end":{"line":90,"column":null}},"28":{"start":{"line":92,"column":4},"end":{"line":148,"column":null}},"29":{"start":{"line":93,"column":22},"end":{"line":93,"column":null}},"30":{"start":{"line":94,"column":6},"end":{"line":94,"column":null}},"31":{"start":{"line":94,"column":29},"end":{"line":94,"column":null}},"32":{"start":{"line":96,"column":23},"end":{"line":96,"column":null}},"33":{"start":{"line":97,"column":6},"end":{"line":97,"column":null}},"34":{"start":{"line":97,"column":29},"end":{"line":97,"column":null}},"35":{"start":{"line":98,"column":6},"end":{"line":98,"column":null}},"36":{"start":{"line":98,"column":49},"end":{"line":98,"column":null}},"37":{"start":{"line":99,"column":6},"end":{"line":99,"column":null}},"38":{"start":{"line":99,"column":50},"end":{"line":99,"column":null}},"39":{"start":{"line":102,"column":26},"end":{"line":102,"column":null}},"40":{"start":{"line":103,"column":25},"end":{"line":104,"column":null}},"41":{"start":{"line":104,"column":8},"end":{"line":104,"column":43}},"42":{"start":{"line":108,"column":23},"end":{"line":108,"column":null}},"43":{"start":{"line":109,"column":6},"end":{"line":115,"column":null}},"44":{"start":{"line":118,"column":27},"end":{"line":118,"column":null}},"45":{"start":{"line":119,"column":33},"end":{"line":119,"column":null}},"46":{"start":{"line":121,"column":33},"end":{"line":127,"column":null}},"47":{"start":{"line":130,"column":25},"end":{"line":132,"column":null}},"48":{"start":{"line":134,"column":24},"end":{"line":134,"column":null}},"49":{"start":{"line":135,"column":31},"end":{"line":135,"column":null}},"50":{"start":{"line":135,"column":65},"end":{"line":135,"column":84}},"51":{"start":{"line":136,"column":6},"end":{"line":136,"column":38}},"52":{"start":{"line":139,"column":33},"end":{"line":139,"column":84}},"53":{"start":{"line":140,"column":26},"end":{"line":140,"column":null}},"54":{"start":{"line":142,"column":6},"end":{"line":147,"column":null}},"55":{"start":{"line":152,"column":14},"end":{"line":157,"column":null}},"56":{"start":{"line":160,"column":21},"end":{"line":160,"column":null}},"57":{"start":{"line":161,"column":18},"end":{"line":176,"column":null}},"58":{"start":{"line":163,"column":25},"end":{"line":163,"column":null}},"59":{"start":{"line":164,"column":29},"end":{"line":166,"column":null}},"60":{"start":{"line":168,"column":32},"end":{"line":168,"column":null}},"61":{"start":{"line":169,"column":24},"end":{"line":169,"column":null}},"62":{"start":{"line":169,"column":56},"end":{"line":169,"column":null}},"63":{"start":{"line":171,"column":8},"end":{"line":175,"column":null}},"64":{"start":{"line":179,"column":4},"end":{"line":179,"column":null}},"65":{"start":{"line":192,"column":17},"end":{"line":192,"column":null}},"66":{"start":{"line":193,"column":4},"end":{"line":193,"column":null}},"67":{"start":{"line":193,"column":15},"end":{"line":193,"column":null}},"68":{"start":{"line":195,"column":24},"end":{"line":196,"column":null}},"69":{"start":{"line":198,"column":27},"end":{"line":198,"column":null}},"70":{"start":{"line":199,"column":19},"end":{"line":199,"column":null}},"71":{"start":{"line":199,"column":50},"end":{"line":199,"column":null}},"72":{"start":{"line":205,"column":9},"end":{"line":205,"column":null}},"73":{"start":{"line":207,"column":4},"end":{"line":222,"column":null}},"74":{"start":{"line":208,"column":6},"end":{"line":214,"column":null}},"75":{"start":{"line":209,"column":8},"end":{"line":213,"column":null}},"76":{"start":{"line":216,"column":6},"end":{"line":216,"column":null}},"77":{"start":{"line":217,"column":6},"end":{"line":217,"column":null}},"78":{"start":{"line":218,"column":6},"end":{"line":220,"column":null}},"79":{"start":{"line":224,"column":18},"end":{"line":233,"column":null}},"80":{"start":{"line":235,"column":4},"end":{"line":248,"column":null}},"81":{"start":{"line":236,"column":27},"end":{"line":238,"column":null}},"82":{"start":{"line":240,"column":6},"end":{"line":244,"column":null}},"83":{"start":{"line":246,"column":6},"end":{"line":246,"column":null}},"84":{"start":{"line":247,"column":6},"end":{"line":247,"column":null}},"85":{"start":{"line":250,"column":4},"end":{"line":250,"column":null}},"86":{"start":{"line":252,"column":4},"end":{"line":252,"column":null}}},"fnMap":{"0":{"name":"(anonymous_1)","decl":{"start":{"line":10,"column":2},"end":{"line":10,"column":15}},"loc":{"start":{"line":10,"column":98},"end":{"line":30,"column":null}}},"1":{"name":"(anonymous_2)","decl":{"start":{"line":17,"column":31},"end":{"line":17,"column":32}},"loc":{"start":{"line":17,"column":51},"end":{"line":20,"column":10}}},"2":{"name":"(anonymous_3)","decl":{"start":{"line":32,"column":2},"end":{"line":32,"column":15}},"loc":{"start":{"line":32,"column":61},"end":{"line":63,"column":null}}},"3":{"name":"(anonymous_4)","decl":{"start":{"line":44,"column":45},"end":{"line":44,"column":52}},"loc":{"start":{"line":44,"column":52},"end":{"line":44,"column":null}}},"4":{"name":"(anonymous_5)","decl":{"start":{"line":52,"column":43},"end":{"line":52,"column":51}},"loc":{"start":{"line":52,"column":51},"end":{"line":55,"column":null}}},"5":{"name":"(anonymous_6)","decl":{"start":{"line":65,"column":2},"end":{"line":65,"column":15}},"loc":{"start":{"line":65,"column":81},"end":{"line":71,"column":null}}},"6":{"name":"(anonymous_7)","decl":{"start":{"line":73,"column":2},"end":{"line":73,"column":15}},"loc":{"start":{"line":73,"column":111},"end":{"line":82,"column":null}}},"7":{"name":"(anonymous_8)","decl":{"start":{"line":84,"column":2},"end":{"line":84,"column":15}},"loc":{"start":{"line":89,"column":19},"end":{"line":149,"column":null}}},"8":{"name":"(anonymous_9)","decl":{"start":{"line":92,"column":29},"end":{"line":92,"column":36}},"loc":{"start":{"line":92,"column":36},"end":{"line":148,"column":null}}},"9":{"name":"(anonymous_10)","decl":{"start":{"line":103,"column":39},"end":{"line":103,"column":40}},"loc":{"start":{"line":104,"column":8},"end":{"line":104,"column":43}}},"10":{"name":"(anonymous_11)","decl":{"start":{"line":135,"column":58},"end":{"line":135,"column":65}},"loc":{"start":{"line":135,"column":65},"end":{"line":135,"column":84}}},"11":{"name":"(anonymous_12)","decl":{"start":{"line":151,"column":2},"end":{"line":151,"column":15}},"loc":{"start":{"line":151,"column":63},"end":{"line":180,"column":null}}},"12":{"name":"(anonymous_13)","decl":{"start":{"line":162,"column":24},"end":{"line":162,"column":31}},"loc":{"start":{"line":162,"column":31},"end":{"line":176,"column":null}}},"13":{"name":"(anonymous_14)","decl":{"start":{"line":169,"column":49},"end":{"line":169,"column":56}},"loc":{"start":{"line":169,"column":56},"end":{"line":169,"column":null}}},"14":{"name":"(anonymous_15)","decl":{"start":{"line":182,"column":2},"end":{"line":182,"column":15}},"loc":{"start":{"line":191,"column":5},"end":{"line":253,"column":null}}},"15":{"name":"(anonymous_16)","decl":{"start":{"line":199,"column":43},"end":{"line":199,"column":50}},"loc":{"start":{"line":199,"column":50},"end":{"line":199,"column":null}}},"16":{"name":"(anonymous_17)","decl":{"start":{"line":207,"column":19},"end":{"line":207,"column":null}},"loc":{"start":{"line":207,"column":19},"end":{"line":222,"column":null}}},"17":{"name":"(anonymous_18)","decl":{"start":{"line":235,"column":40},"end":{"line":235,"column":41}},"loc":{"start":{"line":235,"column":57},"end":{"line":248,"column":null}}}},"branchMap":{"0":{"loc":{"start":{"line":34,"column":4},"end":{"line":34,"column":null}},"type":"if","locations":[{"start":{"line":34,"column":4},"end":{"line":34,"column":null}}]},"1":{"loc":{"start":{"line":94,"column":6},"end":{"line":94,"column":null}},"type":"if","locations":[{"start":{"line":94,"column":6},"end":{"line":94,"column":null}}]},"2":{"loc":{"start":{"line":97,"column":6},"end":{"line":97,"column":null}},"type":"if","locations":[{"start":{"line":97,"column":6},"end":{"line":97,"column":null}}]},"3":{"loc":{"start":{"line":98,"column":6},"end":{"line":98,"column":null}},"type":"if","locations":[{"start":{"line":98,"column":6},"end":{"line":98,"column":null}}]},"4":{"loc":{"start":{"line":99,"column":6},"end":{"line":99,"column":null}},"type":"if","locations":[{"start":{"line":99,"column":6},"end":{"line":99,"column":null}}]},"5":{"loc":{"start":{"line":118,"column":27},"end":{"line":118,"column":null}},"type":"binary-expr","locations":[{"start":{"line":118,"column":27},"end":{"line":118,"column":42}},{"start":{"line":118,"column":46},"end":{"line":118,"column":null}}]},"6":{"loc":{"start":{"line":119,"column":33},"end":{"line":119,"column":null}},"type":"binary-expr","locations":[{"start":{"line":119,"column":33},"end":{"line":119,"column":55}},{"start":{"line":119,"column":59},"end":{"line":119,"column":null}}]},"7":{"loc":{"start":{"line":144,"column":22},"end":{"line":144,"column":null}},"type":"cond-expr","locations":[{"start":{"line":144,"column":44},"end":{"line":144,"column":81}},{"start":{"line":144,"column":81},"end":{"line":144,"column":null}}]},"8":{"loc":{"start":{"line":144,"column":44},"end":{"line":144,"column":81}},"type":"cond-expr","locations":[{"start":{"line":144,"column":58},"end":{"line":144,"column":62}},{"start":{"line":144,"column":62},"end":{"line":144,"column":81}}]},"9":{"loc":{"start":{"line":145,"column":18},"end":{"line":145,"column":null}},"type":"binary-expr","locations":[{"start":{"line":145,"column":18},"end":{"line":145,"column":40}},{"start":{"line":145,"column":40},"end":{"line":145,"column":null}}]},"10":{"loc":{"start":{"line":193,"column":4},"end":{"line":193,"column":null}},"type":"if","locations":[{"start":{"line":193,"column":4},"end":{"line":193,"column":null}}]},"11":{"loc":{"start":{"line":208,"column":6},"end":{"line":214,"column":null}},"type":"if","locations":[{"start":{"line":208,"column":6},"end":{"line":214,"column":null}}]},"12":{"loc":{"start":{"line":236,"column":27},"end":{"line":238,"column":null}},"type":"cond-expr","locations":[{"start":{"line":237,"column":10},"end":{"line":237,"column":46}},{"start":{"line":238,"column":10},"end":{"line":238,"column":null}}]}},"s":{"0":5,"1":1,"2":1,"3":1,"4":1,"5":1,"6":2,"7":1,"8":1,"9":2,"10":2,"11":1,"12":1,"13":1,"14":1,"15":1,"16":2,"17":1,"18":1,"19":1,"20":0,"21":1,"22":0,"23":0,"24":0,"25":0,"26":0,"27":2,"28":2,"29":2,"30":2,"31":0,"32":2,"33":2,"34":1,"35":1,"36":0,"37":1,"38":0,"39":1,"40":1,"41":4,"42":1,"43":1,"44":1,"45":1,"46":1,"47":1,"48":1,"49":1,"50":0,"51":1,"52":1,"53":1,"54":1,"55":0,"56":0,"57":0,"58":0,"59":0,"60":0,"61":0,"62":0,"63":0,"64":0,"65":0,"66":0,"67":0,"68":0,"69":0,"70":0,"71":0,"72":0,"73":0,"74":0,"75":0,"76":0,"77":0,"78":0,"79":0,"80":0,"81":0,"82":0,"83":0,"84":0,"85":0,"86":0},"f":{"0":1,"1":2,"2":2,"3":2,"4":0,"5":0,"6":0,"7":2,"8":2,"9":4,"10":0,"11":0,"12":0,"13":0,"14":0,"15":0,"16":0,"17":0},"b":{"0":[1],"1":[0],"2":[1],"3":[0],"4":[0],"5":[1,0],"6":[1,0],"7":[0,1],"8":[0,0],"9":[1,0],"10":[0],"11":[0],"12":[0,0]}}
,"C:\\Users\\Reinout Wijnholds\\Documents\\GitHub\\Sjoelify-v2\\src\\lib\\context\\auth-context.tsx": {"path":"C:\\Users\\Reinout Wijnholds\\Documents\\GitHub\\Sjoelify-v2\\src\\lib\\context\\auth-context.tsx","statementMap":{"0":{"start":{"line":15,"column":16},"end":{"line":15,"column":28}},"1":{"start":{"line":37,"column":13},"end":{"line":37,"column":20}},"2":{"start":{"line":1,"column":63},"end":{"line":1,"column":null}},"3":{"start":{"line":2,"column":41},"end":{"line":2,"column":null}},"4":{"start":{"line":3,"column":21},"end":{"line":3,"column":null}},"5":{"start":{"line":10,"column":20},"end":{"line":13,"column":null}},"6":{"start":{"line":16,"column":26},"end":{"line":16,"column":null}},"7":{"start":{"line":17,"column":32},"end":{"line":17,"column":null}},"8":{"start":{"line":19,"column":2},"end":{"line":28,"column":null}},"9":{"start":{"line":21,"column":24},"end":{"line":24,"column":null}},"10":{"start":{"line":22,"column":6},"end":{"line":22,"column":null}},"11":{"start":{"line":23,"column":6},"end":{"line":23,"column":null}},"12":{"start":{"line":27,"column":4},"end":{"line":27,"column":null}},"13":{"start":{"line":27,"column":17},"end":{"line":27,"column":null}},"14":{"start":{"line":37,"column":23},"end":{"line":43,"column":null}},"15":{"start":{"line":38,"column":18},"end":{"line":38,"column":null}},"16":{"start":{"line":39,"column":2},"end":{"line":41,"column":null}},"17":{"start":{"line":40,"column":4},"end":{"line":40,"column":null}},"18":{"start":{"line":42,"column":2},"end":{"line":42,"column":null}}},"fnMap":{"0":{"name":"AuthProvider","decl":{"start":{"line":15,"column":16},"end":{"line":15,"column":28}},"loc":{"start":{"line":15,"column":72},"end":{"line":35,"column":null}}},"1":{"name":"(anonymous_4)","decl":{"start":{"line":19,"column":12},"end":{"line":19,"column":null}},"loc":{"start":{"line":19,"column":12},"end":{"line":28,"column":5}}},"2":{"name":"(anonymous_5)","decl":{"start":{"line":21,"column":49},"end":{"line":21,"column":50}},"loc":{"start":{"line":21,"column":50},"end":{"line":24,"column":null}}},"3":{"name":"(anonymous_6)","decl":{"start":{"line":27,"column":11},"end":{"line":27,"column":17}},"loc":{"start":{"line":27,"column":17},"end":{"line":27,"column":null}}},"4":{"name":"(anonymous_7)","decl":{"start":{"line":37,"column":23},"end":{"line":37,"column":null}},"loc":{"start":{"line":37,"column":23},"end":{"line":43,"column":null}}}},"branchMap":{"0":{"loc":{"start":{"line":32,"column":7},"end":{"line":32,"column":null}},"type":"binary-expr","locations":[{"start":{"line":32,"column":7},"end":{"line":32,"column":19}},{"start":{"line":32,"column":19},"end":{"line":32,"column":null}}]},"1":{"loc":{"start":{"line":39,"column":2},"end":{"line":41,"column":null}},"type":"if","locations":[{"start":{"line":39,"column":2},"end":{"line":41,"column":null}}]}},"s":{"0":0,"1":0,"2":0,"3":0,"4":0,"5":0,"6":0,"7":0,"8":0,"9":0,"10":0,"11":0,"12":0,"13":0,"14":0,"15":0,"16":0,"17":0,"18":0},"f":{"0":0,"1":0,"2":0,"3":0,"4":0},"b":{"0":[0,0],"1":[0]}}
,"C:\\Users\\Reinout Wijnholds\\Documents\\GitHub\\Sjoelify-v2\\src\\lib\\firebase\\config.ts": {"path":"C:\\Users\\Reinout Wijnholds\\Documents\\GitHub\\Sjoelify-v2\\src\\lib\\firebase\\config.ts","statementMap":{"0":{"start":{"line":22,"column":9},"end":{"line":22,"column":12}},"1":{"start":{"line":22,"column":14},"end":{"line":22,"column":18}},"2":{"start":{"line":22,"column":20},"end":{"line":22,"column":22}},"3":{"start":{"line":1,"column":39},"end":{"line":1,"column":null}},"4":{"start":{"line":2,"column":24},"end":{"line":2,"column":null}},"5":{"start":{"line":3,"column":29},"end":{"line":3,"column":null}},"6":{"start":{"line":5,"column":23},"end":{"line":12,"column":null}},"7":{"start":{"line":15,"column":12},"end":{"line":15,"column":81}},"8":{"start":{"line":16,"column":13},"end":{"line":16,"column":null}},"9":{"start":{"line":17,"column":11},"end":{"line":17,"column":null}},"10":{"start":{"line":20,"column":0},"end":{"line":20,"column":null}}},"fnMap":{},"branchMap":{"0":{"loc":{"start":{"line":15,"column":12},"end":{"line":15,"column":81}},"type":"cond-expr","locations":[{"start":{"line":15,"column":37},"end":{"line":15,"column":69}},{"start":{"line":15,"column":69},"end":{"line":15,"column":81}}]}},"s":{"0":0,"1":0,"2":0,"3":0,"4":0,"5":0,"6":0,"7":0,"8":0,"9":0,"10":0},"f":{},"b":{"0":[0,0]}}
,"C:\\Users\\Reinout Wijnholds\\Documents\\GitHub\\Sjoelify-v2\\src\\shared\\styles\\animations.ts": {"path":"C:\\Users\\Reinout Wijnholds\\Documents\\GitHub\\Sjoelify-v2\\src\\shared\\styles\\animations.ts","statementMap":{"0":{"start":{"line":3,"column":13},"end":{"line":3,"column":19}},"1":{"start":{"line":36,"column":13},"end":{"line":36,"column":20}},"2":{"start":{"line":27,"column":13},"end":{"line":27,"column":20}},"3":{"start":{"line":45,"column":13},"end":{"line":45,"column":19}},"4":{"start":{"line":17,"column":13},"end":{"line":17,"column":28}},"5":{"start":{"line":3,"column":32},"end":{"line":15,"column":null}},"6":{"start":{"line":17,"column":41},"end":{"line":25,"column":null}},"7":{"start":{"line":27,"column":33},"end":{"line":34,"column":null}},"8":{"start":{"line":36,"column":33},"end":{"line":43,"column":null}},"9":{"start":{"line":45,"column":22},"end":{"line":49,"column":null}}},"fnMap":{},"branchMap":{},"s":{"0":267,"1":0,"2":8,"3":0,"4":0,"5":2,"6":2,"7":2,"8":2,"9":2},"f":{},"b":{}}
}
