TN:
SF:src\middleware.ts
FN:4,middleware
FNF:1
FNH:0
FNDA:0,middleware
DA:1,0
DA:4,0
DA:5,0
DA:8,0
DA:16,0
DA:17,0
DA:18,0
DA:19,0
DA:20,0
DA:22,0
DA:25,0
LF:11
LH:0
BRF:0
BRH:0
end_of_record
TN:
SF:src\app\layout.tsx
FN:13,RootLayout
FNF:1
FNH:0
FNDA:0,RootLayout
DA:2,0
DA:3,0
DA:4,0
DA:6,0
DA:8,0
DA:13,0
LF:6
LH:0
BRF:0
BRH:0
end_of_record
TN:
SF:src\app\page.tsx
FN:5,Home
FNF:1
FNH:0
FNDA:0,Home
DA:1,0
DA:2,0
DA:3,0
DA:5,0
LF:4
LH:0
BRF:0
BRH:0
end_of_record
TN:
SF:src\app\games\[id]\page.tsx
FN:12,GamePage
FN:20,(anonymous_2)
FN:21,(anonymous_3)
FN:37,(anonymous_4)
FN:56,(anonymous_5)
FN:61,(anonymous_6)
FN:66,(anonymous_7)
FN:145,(anonymous_8)
FNF:8
FNH:8
FNDA:15,GamePage
FNDA:5,(anonymous_2)
FNDA:5,(anonymous_3)
FNDA:2,(anonymous_4)
FNDA:16,(anonymous_5)
FNDA:56,(anonymous_6)
FNDA:55,(anonymous_7)
FNDA:16,(anonymous_8)
DA:3,1
DA:4,1
DA:5,1
DA:6,1
DA:7,1
DA:8,1
DA:10,1
DA:12,5
DA:13,15
DA:14,15
DA:15,15
DA:16,14
DA:17,14
DA:18,14
DA:20,14
DA:21,5
DA:22,5
DA:23,5
DA:24,5
DA:25,4
DA:26,4
DA:28,1
DA:30,5
DA:34,5
DA:37,14
DA:38,2
DA:40,2
DA:41,2
DA:42,2
DA:45,2
DA:46,2
DA:47,2
DA:50,0
DA:52,2
DA:56,14
DA:57,16
DA:58,16
DA:61,14
DA:62,56
DA:63,56
DA:66,14
DA:67,55
DA:70,14
DA:86,9
DA:112,8
DA:113,8
DA:146,16
LF:47
LH:46
BRDA:23,0,0,0
BRDA:25,1,0,0
BRDA:28,2,0,1
BRDA:28,2,1,0
BRDA:38,3,0,0
BRDA:38,4,0,2
BRDA:38,4,1,2
BRDA:46,5,0,2
BRDA:50,6,0,0
BRDA:50,6,1,0
BRDA:57,7,0,0
BRDA:58,8,0,16
BRDA:58,8,1,15
BRDA:62,9,0,0
BRDA:63,10,0,56
BRDA:63,10,1,51
BRDA:70,11,0,5
BRDA:86,12,0,1
BRDA:86,13,0,9
BRDA:86,13,1,8
BRDA:103,14,0,1
BRDA:103,14,1,0
BRDA:113,15,0,8
BRDA:113,15,1,7
BRDA:113,15,2,7
BRDA:113,15,3,7
BRDA:129,16,0,1
BRDA:129,16,1,7
BRDA:152,17,0,1
BRDA:152,17,1,15
BRDA:167,18,0,16
BRDA:167,18,1,8
BRDA:173,19,0,16
BRDA:180,20,0,16
BRDA:193,21,0,6
BRDA:203,22,0,1
BRDA:203,22,1,1
BRF:37
BRH:28
end_of_record
TN:
SF:src\app\games\new\page.tsx
FN:3,NewGamePage
FNF:1
FNH:0
FNDA:0,NewGamePage
DA:1,0
DA:3,0
LF:2
LH:0
BRF:0
BRH:0
end_of_record
TN:
SF:src\features\account\hooks\use-players.ts
FN:6,usePlayers
FN:11,(anonymous_2)
FN:12,(anonymous_3)
FN:22,(anonymous_4)
FNF:4
FNH:0
FNDA:0,usePlayers
FNDA:0,(anonymous_2)
FNDA:0,(anonymous_3)
FNDA:0,(anonymous_4)
DA:1,0
DA:2,0
DA:3,0
DA:6,0
DA:7,0
DA:8,0
DA:9,0
DA:11,0
DA:12,0
DA:13,0
DA:14,0
DA:15,0
DA:17,0
DA:18,0
DA:21,0
DA:22,0
DA:27,0
DA:29,0
DA:30,0
DA:32,0
DA:36,0
DA:39,0
LF:22
LH:0
BRDA:17,0,0,0
BRF:1
BRH:0
end_of_record
TN:
SF:src\features\games\components\ActiveGamesList.tsx
FN:9,ActiveGamesList
FN:15,(anonymous_3)
FN:16,(anonymous_4)
FN:129,(anonymous_5)
FNF:4
FNH:0
FNDA:0,ActiveGamesList
FNDA:0,(anonymous_3)
FNDA:0,(anonymous_4)
FNDA:0,(anonymous_5)
DA:1,0
DA:2,0
DA:3,0
DA:4,0
DA:5,0
DA:7,0
DA:9,0
DA:10,0
DA:11,0
DA:12,0
DA:13,0
DA:15,0
DA:16,0
DA:17,0
DA:19,0
DA:20,0
DA:21,0
DA:23,0
DA:24,0
DA:26,0
DA:30,0
DA:33,0
DA:51,0
DA:68,0
DA:130,0
LF:25
LH:0
BRDA:17,0,0,0
BRDA:33,1,0,0
BRDA:51,2,0,0
BRDA:68,3,0,0
BRF:4
BRH:0
end_of_record
TN:
SF:src\features\games\components\CreateGameForm.tsx
FN:16,CreateGameForm
FN:26,(anonymous_2)
FN:29,(anonymous_3)
FN:38,(anonymous_4)
FN:47,(anonymous_5)
FN:48,(anonymous_6)
FN:73,(anonymous_7)
FN:74,(anonymous_8)
FN:75,(anonymous_9)
FN:116,(anonymous_10)
FN:129,(anonymous_11)
FN:139,(anonymous_12)
FNF:12
FNH:0
FNDA:0,CreateGameForm
FNDA:0,(anonymous_2)
FNDA:0,(anonymous_3)
FNDA:0,(anonymous_4)
FNDA:0,(anonymous_5)
FNDA:0,(anonymous_6)
FNDA:0,(anonymous_7)
FNDA:0,(anonymous_8)
FNDA:0,(anonymous_9)
FNDA:0,(anonymous_10)
FNDA:0,(anonymous_11)
FNDA:0,(anonymous_12)
DA:1,0
DA:2,0
DA:3,0
DA:4,0
DA:5,0
DA:6,0
DA:8,0
DA:16,0
DA:17,0
DA:18,0
DA:19,0
DA:20,0
DA:21,0
DA:22,0
DA:23,0
DA:26,0
DA:27,0
DA:28,0
DA:29,0
DA:38,0
DA:39,0
DA:40,0
DA:42,0
DA:43,0
DA:44,0
DA:46,0
DA:47,0
DA:48,0
DA:51,0
DA:52,0
DA:55,0
DA:56,0
DA:59,0
DA:65,0
DA:67,0
DA:69,0
DA:73,0
DA:74,0
DA:75,0
DA:76,0
DA:81,0
DA:116,0
DA:130,0
DA:139,0
LF:44
LH:0
BRDA:27,0,0,0
BRDA:40,1,0,0
BRDA:51,2,0,0
BRDA:55,3,0,0
BRDA:55,4,0,0
BRDA:55,4,1,0
BRDA:67,5,0,0
BRDA:67,5,1,0
BRDA:76,6,0,0
BRDA:76,6,1,0
BRDA:81,7,0,0
BRDA:147,8,0,0
BRDA:164,9,0,0
BRDA:188,10,0,0
BRDA:188,10,1,0
BRDA:191,11,0,0
BRDA:191,11,1,0
BRF:17
BRH:0
end_of_record
TN:
SF:src\features\games\components\ScoreEntry.tsx
FN:9,ScoreEntry
FN:14,(anonymous_2)
FN:21,(anonymous_3)
FN:23,(anonymous_4)
FN:28,(anonymous_5)
FN:42,(anonymous_6)
FN:66,(anonymous_7)
FN:67,(anonymous_8)
FN:68,(anonymous_9)
FN:89,(anonymous_10)
FNF:10
FNH:9
FNDA:32,ScoreEntry
FNDA:20,(anonymous_2)
FNDA:3,(anonymous_3)
FNDA:12,(anonymous_4)
FNDA:128,(anonymous_5)
FNDA:128,(anonymous_6)
FNDA:20,(anonymous_7)
FNDA:1,(anonymous_8)
FNDA:0,(anonymous_9)
FNDA:86,(anonymous_10)
DA:1,2
DA:2,2
DA:3,2
DA:9,11
DA:10,32
DA:11,32
DA:12,32
DA:14,32
DA:15,20
DA:16,20
DA:17,20
DA:18,20
DA:21,32
DA:22,3
DA:23,12
DA:24,3
DA:28,32
DA:29,128
DA:30,62
DA:43,128
DA:66,20
DA:67,1
DA:68,0
DA:89,86
LF:24
LH:23
BRDA:15,0,0,0
BRDA:15,0,1,20
BRDA:23,1,0,3
BRDA:29,2,0,66
BRDA:46,3,0,1
BRDA:46,3,1,127
BRDA:58,4,0,96
BRDA:58,4,1,32
BRDA:65,5,0,128
BRDA:65,5,1,66
BRF:10
BRH:9
end_of_record
TN:
SF:src\features\games\services\game-service.ts
FN:10,(anonymous_1)
FN:17,(anonymous_2)
FN:32,(anonymous_3)
FN:44,(anonymous_4)
FN:52,(anonymous_5)
FN:65,(anonymous_6)
FN:73,(anonymous_7)
FN:84,(anonymous_8)
FN:92,(anonymous_9)
FN:103,(anonymous_10)
FN:135,(anonymous_11)
FN:151,(anonymous_12)
FN:162,(anonymous_13)
FN:169,(anonymous_14)
FN:182,(anonymous_15)
FN:199,(anonymous_16)
FN:207,(anonymous_17)
FN:235,(anonymous_18)
FNF:18
FNH:7
FNDA:1,(anonymous_1)
FNDA:2,(anonymous_2)
FNDA:2,(anonymous_3)
FNDA:2,(anonymous_4)
FNDA:0,(anonymous_5)
FNDA:0,(anonymous_6)
FNDA:0,(anonymous_7)
FNDA:2,(anonymous_8)
FNDA:2,(anonymous_9)
FNDA:4,(anonymous_10)
FNDA:0,(anonymous_11)
FNDA:0,(anonymous_12)
FNDA:0,(anonymous_13)
FNDA:0,(anonymous_14)
FNDA:0,(anonymous_15)
FNDA:0,(anonymous_16)
FNDA:0,(anonymous_17)
FNDA:0,(anonymous_18)
DA:1,1
DA:2,1
DA:6,5
DA:7,1
DA:8,1
DA:11,1
DA:17,2
DA:23,1
DA:29,1
DA:33,2
DA:34,2
DA:36,1
DA:39,1
DA:43,1
DA:44,2
DA:47,1
DA:51,1
DA:52,1
DA:57,1
DA:66,0
DA:67,0
DA:74,0
DA:75,0
DA:81,0
DA:90,2
DA:92,2
DA:93,2
DA:94,2
DA:96,2
DA:97,2
DA:98,1
DA:99,1
DA:102,1
DA:103,1
DA:104,4
DA:108,1
DA:109,1
DA:118,1
DA:119,1
DA:121,1
DA:130,1
DA:134,1
DA:135,1
DA:136,1
DA:139,1
DA:140,1
DA:142,1
DA:152,0
DA:160,0
DA:161,0
DA:163,0
DA:164,0
DA:168,0
DA:169,0
DA:171,0
DA:179,0
DA:192,0
DA:193,0
DA:195,0
DA:198,0
DA:199,0
DA:205,0
DA:207,0
DA:208,0
DA:209,0
DA:216,0
DA:217,0
DA:218,0
DA:224,0
DA:235,0
DA:236,0
DA:240,0
DA:246,0
DA:247,0
DA:250,0
DA:252,0
LF:76
LH:42
BRDA:34,0,0,1
BRDA:94,1,0,0
BRDA:97,2,0,1
BRDA:98,3,0,0
BRDA:99,4,0,0
BRDA:118,5,0,1
BRDA:118,5,1,0
BRDA:119,6,0,1
BRDA:119,6,1,0
BRDA:144,7,0,0
BRDA:144,7,1,1
BRDA:144,8,0,0
BRDA:144,8,1,0
BRDA:145,9,0,1
BRDA:145,9,1,0
BRDA:193,10,0,0
BRDA:208,11,0,0
BRDA:236,12,0,0
BRDA:236,12,1,0
BRF:19
BRH:6
end_of_record
TN:
SF:src\lib\context\auth-context.tsx
FN:15,AuthProvider
FN:19,(anonymous_4)
FN:21,(anonymous_5)
FN:27,(anonymous_6)
FN:37,(anonymous_7)
FNF:5
FNH:0
FNDA:0,AuthProvider
FNDA:0,(anonymous_4)
FNDA:0,(anonymous_5)
FNDA:0,(anonymous_6)
FNDA:0,(anonymous_7)
DA:1,0
DA:2,0
DA:3,0
DA:10,0
DA:15,0
DA:16,0
DA:17,0
DA:19,0
DA:21,0
DA:22,0
DA:23,0
DA:27,0
DA:37,0
DA:38,0
DA:39,0
DA:40,0
DA:42,0
LF:17
LH:0
BRDA:32,0,0,0
BRDA:32,0,1,0
BRDA:39,1,0,0
BRF:3
BRH:0
end_of_record
TN:
SF:src\lib\firebase\config.ts
FNF:0
FNH:0
DA:1,0
DA:2,0
DA:3,0
DA:5,0
DA:15,0
DA:16,0
DA:17,0
DA:20,0
DA:22,0
LF:9
LH:0
BRDA:15,0,0,0
BRDA:15,0,1,0
BRF:2
BRH:0
end_of_record
TN:
SF:src\shared\styles\animations.ts
FNF:0
FNH:0
DA:3,267
DA:17,2
DA:27,8
DA:36,2
DA:45,2
LF:5
LH:5
BRF:0
BRH:0
end_of_record
